Using pre-set license
Built from '2020.3/release' branch; Version is '2020.3.12f1 (b3b2c6512326) revision 11776710'; Using compiler version '192528614'; Build Type 'Release'
OS: 'Windows 10 Enterprise; OS build 19043.1237; Version 2009; 64bit' Language: 'en' Physical Memory: 7959 MB
BatchMode: 1, IsHumanControllingUs: 0, StartBugReporterOnCrash: 0, Is64bit: 1, IsPro: 0

 COMMAND LINE ARGUMENTS:
C:\Program Files\2020.3.12f1\Editor\Unity.exe
-adb2
-batchMode
-noUpm
-name
AssetImportWorker0
-projectPath
C:/Users/Dell/Desktop/Unity/Diz_gun_2D/Diz
-logFile
Logs/AssetImportWorker0.log
-srvPort
59747
Successfully changed project path to: C:/Users/Dell/Desktop/Unity/Diz_gun_2D/Diz
C:/Users/Dell/Desktop/Unity/Diz_gun_2D/Diz
Using Asset Import Pipeline V2.
Refreshing native plugins compatible for Editor in 86.60 ms, found 3 plugins.
Preloading 0 native plugins for Editor in 0.00 ms.
Initialize engine version: 2020.3.12f1 (b3b2c6512326)
[Subsystems] Discovering subsystems at path C:/Program Files/2020.3.12f1/Editor/Data/Resources/UnitySubsystems
[Subsystems] Discovering subsystems at path C:/Users/Dell/Desktop/Unity/Diz_gun_2D/Diz/Assets
GfxDevice: creating device client; threaded=0
Direct3D:
    Version:  Direct3D 11.0 [level 11.1]
    Renderer: Intel(R) UHD Graphics (ID=0x8a56)
    Vendor:   
    VRAM:     3979 MB
    Driver:   27.20.100.9365
Initialize mono
Mono path[0] = 'C:/Program Files/2020.3.12f1/Editor/Data/Managed'
Mono path[1] = 'C:/Program Files/2020.3.12f1/Editor/Data/MonoBleedingEdge/lib/mono/unityjit'
Mono config path = 'C:/Program Files/2020.3.12f1/Editor/Data/MonoBleedingEdge/etc'
Using monoOptions --debugger-agent=transport=dt_socket,embedding=1,server=y,suspend=n,address=127.0.0.1:56720
Begin MonoManager ReloadAssembly
Registering precompiled unity dll's ...
Register platform support module: C:/Program Files/2020.3.12f1/Editor/Data/PlaybackEngines/WindowsStandaloneSupport/UnityEditor.WindowsStandalone.Extensions.dll
Registered in 0.001640 seconds.
Native extension for WindowsStandalone target not found
Refreshing native plugins compatible for Editor in 74.23 ms, found 3 plugins.
Preloading 0 native plugins for Editor in 0.00 ms.
Mono: successfully reloaded assembly
- Completed reload, in  1.469 seconds
Platform modules already initialized, skipping
Registering precompiled user dll's ...
Registered in 0.004147 seconds.
Begin MonoManager ReloadAssembly
Native extension for WindowsStandalone target not found
Refreshing native plugins compatible for Editor in 82.07 ms, found 3 plugins.
Preloading 0 native plugins for Editor in 0.00 ms.
Mono: successfully reloaded assembly
- Completed reload, in  1.094 seconds
Platform modules already initialized, skipping
========================================================================
Worker process is ready to serve import requests
Launched and connected shader compiler UnityShaderCompiler.exe after 0.04 seconds
Refreshing native plugins compatible for Editor in 0.88 ms, found 3 plugins.
Preloading 0 native plugins for Editor in 0.00 ms.
Unloading 2289 Unused Serialized files (Serialized files now loaded: 0)
System memory in use before: 104.0 MB.
System memory in use after: 104.0 MB.

Unloading 35 unused Assets to reduce memory usage. Loaded Objects now: 2738.
Total: 2.174200 ms (FindLiveObjects: 0.191900 ms CreateObjectMapping: 0.078500 ms MarkObjects: 1.783900 ms  DeleteObjects: 0.118700 ms)

AssetImportParameters requested are different than current active one (requested -> active):
  custom:framework-win-MediaFoundation: 216162199b28c13a410421893ffa2e32 -> 
  custom:video-decoder-ogg-theora: a1e56fd34408186e4bbccfd4996cb3dc -> 
  custom:container-muxer-webm: aa71ff27fc2769a1b78a27578f13a17b -> 
  custom:container-demuxer-webm: 4f35f7cbe854078d1ac9338744f61a02 -> 
  custom:container-demuxer-ogg: 62fdf1f143b41e24485cea50d1cbac27 -> 
  custom:video-encoder-webm-vp8: eb34c28f22e8b96e1ab97ce403110664 -> 
  custom:video-decoder-webm-vp8: 9c59270c3fd7afecdb556c50c9e8de78 -> 
  custom:audio-decoder-ogg-vorbis: bf7c407c2cedff20999df2af8eb42d56 -> 
  custom:audio-encoder-webm-vorbis: bf7c407c2cedff20999df2af8eb42d56 -> 
========================================================================
Received Import Request.
  path: Assets/Resources/Retro Pixel Monsters/Animations/Ghasts
  artifactKey: Guid(5b4db5b3e351780439ea61b18c470b48) Importer(815301076,1909f56bfc062723c751e8b465ee728b)
Start importing Assets/Resources/Retro Pixel Monsters/Animations/Ghasts using Guid(5b4db5b3e351780439ea61b18c470b48) Importer(815301076,1909f56bfc062723c751e8b465ee728b)  -> (artifact id: 'c20a3f07272bbab8e8cef74c0904b0f9') in 0.004475 seconds 
  Import took 0.008724 seconds .

========================================================================
Received Import Request.
  Time since last request: 3.676045 seconds.
  path: Assets/Resources/Retro Pixel Monsters/Prefabs/Earth Sprite.prefab
  artifactKey: Guid(4dd95c5573a533b43beda1f05e826a75) Importer(815301076,1909f56bfc062723c751e8b465ee728b)
Start importing Assets/Resources/Retro Pixel Monsters/Prefabs/Earth Sprite.prefab using Guid(4dd95c5573a533b43beda1f05e826a75) Importer(815301076,1909f56bfc062723c751e8b465ee728b)  -> (artifact id: 'f4acc0c0ce51cab01894f5cd53599804') in 0.092619 seconds 
  Import took 0.096877 seconds .

========================================================================
Received Import Request.
  Time since last request: 0.008375 seconds.
  path: Assets/Resources/Retro Pixel Monsters/Prefabs/Earth Sprite.prefab
  artifactKey: Guid(4dd95c5573a533b43beda1f05e826a75) Importer(815301076,1909f56bfc062723c751e8b465ee728b)
Start importing Assets/Resources/Retro Pixel Monsters/Prefabs/Earth Sprite.prefab using Guid(4dd95c5573a533b43beda1f05e826a75) Importer(815301076,1909f56bfc062723c751e8b465ee728b)  -> (artifact id: 'f4acc0c0ce51cab01894f5cd53599804') in 0.014852 seconds 
  Import took 0.020415 seconds .

========================================================================
Received Import Request.
  Time since last request: 0.563650 seconds.
  path: Assets/Resources/Retro Pixel Monsters/Prefabs/Ghast (Faceless).prefab
  artifactKey: Guid(d74ca3a4ea42f2a4dabfb693e6a72a00) Importer(815301076,1909f56bfc062723c751e8b465ee728b)
Start importing Assets/Resources/Retro Pixel Monsters/Prefabs/Ghast (Faceless).prefab using Guid(d74ca3a4ea42f2a4dabfb693e6a72a00) Importer(815301076,1909f56bfc062723c751e8b465ee728b)  -> (artifact id: 'ff4a2d8a58f6594b636afd796c531611') in 0.012439 seconds 
  Import took 0.018188 seconds .

========================================================================
Received Import Request.
  Time since last request: 0.368334 seconds.
  path: Assets/Resources/Retro Pixel Monsters/Prefabs/Ghast (Spoopy).prefab
  artifactKey: Guid(70f7fa05e1ab20445941f5510b0e92e6) Importer(815301076,1909f56bfc062723c751e8b465ee728b)
Start importing Assets/Resources/Retro Pixel Monsters/Prefabs/Ghast (Spoopy).prefab using Guid(70f7fa05e1ab20445941f5510b0e92e6) Importer(815301076,1909f56bfc062723c751e8b465ee728b)  -> (artifact id: '703c8d4a699e68e0616704c0d0be15c6') in 0.012210 seconds 
  Import took 0.016644 seconds .

========================================================================
Received Import Request.
  Time since last request: 0.474608 seconds.
  path: Assets/Resources/Retro Pixel Monsters/Prefabs/Goblin Thug (Red).prefab
  artifactKey: Guid(c4e1466ce79931c408bc474358700f62) Importer(815301076,1909f56bfc062723c751e8b465ee728b)
Start importing Assets/Resources/Retro Pixel Monsters/Prefabs/Goblin Thug (Red).prefab using Guid(c4e1466ce79931c408bc474358700f62) Importer(815301076,1909f56bfc062723c751e8b465ee728b)  -> (artifact id: '872bbb94ae299d3cc5928b6e46ffe006') in 0.020074 seconds 
  Import took 0.025457 seconds .

========================================================================
Received Import Request.
  Time since last request: 0.025850 seconds.
  path: Assets/Resources/Retro Pixel Monsters/Prefabs/Goblin Thug (Red).prefab
  artifactKey: Guid(c4e1466ce79931c408bc474358700f62) Importer(815301076,1909f56bfc062723c751e8b465ee728b)
Start importing Assets/Resources/Retro Pixel Monsters/Prefabs/Goblin Thug (Red).prefab using Guid(c4e1466ce79931c408bc474358700f62) Importer(815301076,1909f56bfc062723c751e8b465ee728b)  -> (artifact id: '872bbb94ae299d3cc5928b6e46ffe006') in 0.017455 seconds 
  Import took 0.022957 seconds .

========================================================================
Received Import Request.
  Time since last request: 6.441159 seconds.
  path: Assets/Resources/Retro Pixel Monsters/Spritesheets/firesprite_main.psd
  artifactKey: Guid(e883cca0e8273cb4e8b2c019e0d360ee) Importer(815301076,1909f56bfc062723c751e8b465ee728b)
Start importing Assets/Resources/Retro Pixel Monsters/Spritesheets/firesprite_main.psd using Guid(e883cca0e8273cb4e8b2c019e0d360ee) Importer(815301076,1909f56bfc062723c751e8b465ee728b)  -> (artifact id: '928bd26fd3ea734f7f31b9c50bfaabea') in 0.156967 seconds 
  Import took 0.161675 seconds .

========================================================================
Received Import Request.
  Time since last request: 0.282962 seconds.
  path: Assets/Resources/Retro Pixel Monsters/Spritesheets/goblinthug_grey_main.psd
  artifactKey: Guid(f353bbe4e76e4c64d8d8e99caa015143) Importer(815301076,1909f56bfc062723c751e8b465ee728b)
Start importing Assets/Resources/Retro Pixel Monsters/Spritesheets/goblinthug_grey_main.psd using Guid(f353bbe4e76e4c64d8d8e99caa015143) Importer(815301076,1909f56bfc062723c751e8b465ee728b)  -> (artifact id: '1e53348317849da41cb2abf77e67487c') in 0.117900 seconds 
  Import took 0.121967 seconds .

========================================================================
Received Import Request.
  Time since last request: 0.344462 seconds.
  path: Assets/Resources/Retro Pixel Monsters/Spritesheets/particles_main.psd
  artifactKey: Guid(f899fbbf44576de4e947666e6b1fc3ab) Importer(815301076,1909f56bfc062723c751e8b465ee728b)
Start importing Assets/Resources/Retro Pixel Monsters/Spritesheets/particles_main.psd using Guid(f899fbbf44576de4e947666e6b1fc3ab) Importer(815301076,1909f56bfc062723c751e8b465ee728b)  -> (artifact id: '493f2c1501f87539f9767662c6b0216e') in 0.112356 seconds 
  Import took 0.117370 seconds .

========================================================================
Received Import Request.
  Time since last request: 1.030454 seconds.
  path: Assets/Resources/Retro Pixel Monsters/Spritesheets/skeleton_wizard_main.psd
  artifactKey: Guid(08dae81075e558c40ad84bed99a37370) Importer(815301076,1909f56bfc062723c751e8b465ee728b)
Start importing Assets/Resources/Retro Pixel Monsters/Spritesheets/skeleton_wizard_main.psd using Guid(08dae81075e558c40ad84bed99a37370) Importer(815301076,1909f56bfc062723c751e8b465ee728b)  -> (artifact id: '4585b04ca4e68ccccd3cffba947db73a') in 0.122224 seconds 
  Import took 0.126299 seconds .

========================================================================
Received Import Request.
  Time since last request: 1.695162 seconds.
  path: Assets/Resources/Retro Pixel Monsters/Spritesheets/slime_grey_main.psd
  artifactKey: Guid(78e2d2e8a4ecd134b88bc1af18efced9) Importer(815301076,1909f56bfc062723c751e8b465ee728b)
Start importing Assets/Resources/Retro Pixel Monsters/Spritesheets/slime_grey_main.psd using Guid(78e2d2e8a4ecd134b88bc1af18efced9) Importer(815301076,1909f56bfc062723c751e8b465ee728b)  -> (artifact id: 'ae9a9a8012310fe7d8eeeefdad12e895') in 0.118625 seconds 
  Import took 0.123503 seconds .

========================================================================
Received Import Request.
  Time since last request: 0.206459 seconds.
  path: Assets/Resources/Retro Pixel Monsters/Spritesheets/slime_yellow_main.psd
  artifactKey: Guid(69eb1dd1d38c53641888d0e6eb7cfb34) Importer(815301076,1909f56bfc062723c751e8b465ee728b)
Start importing Assets/Resources/Retro Pixel Monsters/Spritesheets/slime_yellow_main.psd using Guid(69eb1dd1d38c53641888d0e6eb7cfb34) Importer(815301076,1909f56bfc062723c751e8b465ee728b)  -> (artifact id: '9d38791c335972f32bd02aea62cee19c') in 0.115414 seconds 
  Import took 0.120587 seconds .

========================================================================
Received Import Request.
  Time since last request: 0.223832 seconds.
  path: Assets/Resources/Retro Pixel Monsters/Spritesheets/windsprite_main.psd
  artifactKey: Guid(9e1b1e01f9a267c45a95858ce8716163) Importer(815301076,1909f56bfc062723c751e8b465ee728b)
Start importing Assets/Resources/Retro Pixel Monsters/Spritesheets/windsprite_main.psd using Guid(9e1b1e01f9a267c45a95858ce8716163) Importer(815301076,1909f56bfc062723c751e8b465ee728b)  -> (artifact id: '1bf7fbd78b16e3e8acd505bddfb55bef') in 0.144605 seconds 
  Import took 0.149596 seconds .

========================================================================
Received Import Request.
  Time since last request: 0.354294 seconds.
  path: Assets/Resources/Retro Pixel Monsters/Spritesheets/slime_red_main.psd
  artifactKey: Guid(300664af169c465489085e99c53363f5) Importer(815301076,1909f56bfc062723c751e8b465ee728b)
Start importing Assets/Resources/Retro Pixel Monsters/Spritesheets/slime_red_main.psd using Guid(300664af169c465489085e99c53363f5) Importer(815301076,1909f56bfc062723c751e8b465ee728b)  -> (artifact id: '89cc550f7b4f1c7a3054a8f518cca154') in 0.115594 seconds 
  Import took 0.120371 seconds .

========================================================================
Received Import Request.
  Time since last request: 0.217531 seconds.
  path: Assets/Resources/Retro Pixel Monsters/Spritesheets/slime_blue_main.psd
  artifactKey: Guid(923266d289d1e7a459e4f1ab9e96379f) Importer(815301076,1909f56bfc062723c751e8b465ee728b)
Start importing Assets/Resources/Retro Pixel Monsters/Spritesheets/slime_blue_main.psd using Guid(923266d289d1e7a459e4f1ab9e96379f) Importer(815301076,1909f56bfc062723c751e8b465ee728b)  -> (artifact id: '963e2c1cc62acddc29552814e1abfe6c') in 0.108605 seconds 
  Import took 0.113323 seconds .

========================================================================
Received Import Request.
  Time since last request: 1.014368 seconds.
  path: Assets/Resources/Retro Pixel Monsters/Spritesheets/earthsprite_main.psd
  artifactKey: Guid(bd0534df25cf6874ea08e052e9de0eb9) Importer(815301076,1909f56bfc062723c751e8b465ee728b)
Start importing Assets/Resources/Retro Pixel Monsters/Spritesheets/earthsprite_main.psd using Guid(bd0534df25cf6874ea08e052e9de0eb9) Importer(815301076,1909f56bfc062723c751e8b465ee728b)  -> (artifact id: '2010f6a115697526733d5631a850a073') in 0.115300 seconds 
  Import took 0.119357 seconds .

========================================================================
Received Import Request.
  Time since last request: 5.722943 seconds.
  path: Assets/Resources/Retro Pixel Monsters/Info Scenes/earthsprite_info.unity
  artifactKey: Guid(67e0cea316020ec4cb405ed213372c82) Importer(815301076,1909f56bfc062723c751e8b465ee728b)
Start importing Assets/Resources/Retro Pixel Monsters/Info Scenes/earthsprite_info.unity using Guid(67e0cea316020ec4cb405ed213372c82) Importer(815301076,1909f56bfc062723c751e8b465ee728b)  -> (artifact id: 'f7b9915f49e9d4a2da195c91e1695059') in 0.003773 seconds 
  Import took 0.010452 seconds .

========================================================================
Received Import Request.
  Time since last request: 25.612360 seconds.
  path: Assets/Resources/Retro Pixel Monsters/Info Scenes/firesprite_info.unity
  artifactKey: Guid(24e99bceb8d83dd408f1274f35a65435) Importer(815301076,1909f56bfc062723c751e8b465ee728b)
Start importing Assets/Resources/Retro Pixel Monsters/Info Scenes/firesprite_info.unity using Guid(24e99bceb8d83dd408f1274f35a65435) Importer(815301076,1909f56bfc062723c751e8b465ee728b)  -> (artifact id: '7c88bbe20502e39a70c365d4e3cce730') in 0.003588 seconds 
  Import took 0.010463 seconds .

========================================================================
Received Prepare
Registering precompiled user dll's ...
Registered in 0.004011 seconds.
Begin MonoManager ReloadAssembly
Native extension for WindowsStandalone target not found
Refreshing native plugins compatible for Editor in 1.27 ms, found 3 plugins.
Preloading 0 native plugins for Editor in 0.00 ms.
Mono: successfully reloaded assembly
- Completed reload, in  1.066 seconds
Platform modules already initialized, skipping
Switching build target platform(19) subTarget(0) extendedPlatform(0) -> platform(13) subTarget(589824) extendedPlatform(0)
Refreshing native plugins compatible for Editor in 0.87 ms, found 3 plugins.
Preloading 0 native plugins for Editor in 0.00 ms.
Unloading 2284 Unused Serialized files (Serialized files now loaded: 0)
System memory in use before: 105.6 MB.
System memory in use after: 105.6 MB.

Unloading 24 unused Assets to reduce memory usage. Loaded Objects now: 2754.
Total: 2.824100 ms (FindLiveObjects: 0.191800 ms CreateObjectMapping: 0.073500 ms MarkObjects: 2.366100 ms  DeleteObjects: 0.191300 ms)

AssetImportParameters requested are different than current active one (requested -> active):
  custom:framework-win-MediaFoundation: 216162199b28c13a410421893ffa2e32 -> 
  custom:video-decoder-ogg-theora: a1e56fd34408186e4bbccfd4996cb3dc -> 
  custom:container-muxer-webm: aa71ff27fc2769a1b78a27578f13a17b -> 
  custom:container-demuxer-webm: 4f35f7cbe854078d1ac9338744f61a02 -> 
  custom:container-demuxer-ogg: 62fdf1f143b41e24485cea50d1cbac27 -> 
  custom:video-encoder-webm-vp8: eb34c28f22e8b96e1ab97ce403110664 -> 
  custom:video-decoder-webm-vp8: 9c59270c3fd7afecdb556c50c9e8de78 -> 
  custom:graphics/normal-map-encoding: 01000000000000000000000000000000 -> 02000000000000000000000000000000
  custom:audio-decoder-ogg-vorbis: bf7c407c2cedff20999df2af8eb42d56 -> 
  custom:audio-encoder-webm-vorbis: bf7c407c2cedff20999df2af8eb42d56 -> 
========================================================================
Received Prepare
Registering precompiled user dll's ...
Registered in 0.004220 seconds.
Begin MonoManager ReloadAssembly
Native extension for WindowsStandalone target not found
Refreshing native plugins compatible for Editor in 0.78 ms, found 3 plugins.
Preloading 0 native plugins for Editor in 0.00 ms.
Mono: successfully reloaded assembly
- Completed reload, in  0.972 seconds
Platform modules already initialized, skipping
Switching build target platform(19) subTarget(0) extendedPlatform(0) -> platform(13) subTarget(589824) extendedPlatform(0)
Refreshing native plugins compatible for Editor in 0.80 ms, found 3 plugins.
Preloading 0 native plugins for Editor in 0.00 ms.
Unloading 2284 Unused Serialized files (Serialized files now loaded: 0)
System memory in use before: 105.6 MB.
System memory in use after: 105.7 MB.

Unloading 24 unused Assets to reduce memory usage. Loaded Objects now: 2758.
Total: 2.642100 ms (FindLiveObjects: 0.189100 ms CreateObjectMapping: 0.074200 ms MarkObjects: 2.228900 ms  DeleteObjects: 0.148600 ms)

AssetImportParameters requested are different than current active one (requested -> active):
  custom:framework-win-MediaFoundation: 216162199b28c13a410421893ffa2e32 -> 
  custom:video-decoder-ogg-theora: a1e56fd34408186e4bbccfd4996cb3dc -> 
  custom:container-muxer-webm: aa71ff27fc2769a1b78a27578f13a17b -> 
  custom:container-demuxer-webm: 4f35f7cbe854078d1ac9338744f61a02 -> 
  custom:container-demuxer-ogg: 62fdf1f143b41e24485cea50d1cbac27 -> 
  custom:video-encoder-webm-vp8: eb34c28f22e8b96e1ab97ce403110664 -> 
  custom:video-decoder-webm-vp8: 9c59270c3fd7afecdb556c50c9e8de78 -> 
  custom:graphics/normal-map-encoding: 01000000000000000000000000000000 -> 02000000000000000000000000000000
  custom:audio-decoder-ogg-vorbis: bf7c407c2cedff20999df2af8eb42d56 -> 
  custom:audio-encoder-webm-vorbis: bf7c407c2cedff20999df2af8eb42d56 -> 
========================================================================
Received Import Request.
  Time since last request: 48.401399 seconds.
  path: Assets/Resources/Retro Pixel Monsters/Animations/Elemental Sprites/Fire/Fire Sprite.controller
  artifactKey: Guid(60ba76bb2deb39748a80b99db84918c9) Importer(815301076,1909f56bfc062723c751e8b465ee728b)
Start importing Assets/Resources/Retro Pixel Monsters/Animations/Elemental Sprites/Fire/Fire Sprite.controller using Guid(60ba76bb2deb39748a80b99db84918c9) Importer(815301076,1909f56bfc062723c751e8b465ee728b)  -> (artifact id: 'd5d272c8f72b7ab0a3f5f13057e5c4da') in 0.029452 seconds 
  Import took 0.034639 seconds .

========================================================================
Received Import Request.
  Time since last request: 51.489400 seconds.
  path: Assets/Resources/Retro Pixel Monsters/Prefabs/Fire Sprite.prefab
  artifactKey: Guid(e470042529abd814090cc329c05c8dae) Importer(815301076,1909f56bfc062723c751e8b465ee728b)
Start importing Assets/Resources/Retro Pixel Monsters/Prefabs/Fire Sprite.prefab using Guid(e470042529abd814090cc329c05c8dae) Importer(815301076,1909f56bfc062723c751e8b465ee728b)  -> (artifact id: 'a9d05e30db778538b28fe87d62d850b4') in 0.070540 seconds 
  Import took 0.075858 seconds .

========================================================================
Received Prepare
Registering precompiled user dll's ...
Registered in 0.004048 seconds.
Begin MonoManager ReloadAssembly
Native extension for WindowsStandalone target not found
Refreshing native plugins compatible for Editor in 0.79 ms, found 3 plugins.
Preloading 0 native plugins for Editor in 0.00 ms.
Mono: successfully reloaded assembly
- Completed reload, in  0.980 seconds
Platform modules already initialized, skipping
Switching build target platform(19) subTarget(0) extendedPlatform(0) -> platform(13) subTarget(589824) extendedPlatform(0)
Refreshing native plugins compatible for Editor in 0.78 ms, found 3 plugins.
Preloading 0 native plugins for Editor in 0.00 ms.
Unloading 2284 Unused Serialized files (Serialized files now loaded: 0)
System memory in use before: 105.7 MB.
System memory in use after: 105.7 MB.

Unloading 24 unused Assets to reduce memory usage. Loaded Objects now: 2763.
Total: 2.740800 ms (FindLiveObjects: 0.283000 ms CreateObjectMapping: 0.094200 ms MarkObjects: 2.237800 ms  DeleteObjects: 0.124400 ms)

AssetImportParameters requested are different than current active one (requested -> active):
  custom:framework-win-MediaFoundation: 216162199b28c13a410421893ffa2e32 -> 
  custom:video-decoder-ogg-theora: a1e56fd34408186e4bbccfd4996cb3dc -> 
  custom:container-muxer-webm: aa71ff27fc2769a1b78a27578f13a17b -> 
  custom:container-demuxer-webm: 4f35f7cbe854078d1ac9338744f61a02 -> 
  custom:container-demuxer-ogg: 62fdf1f143b41e24485cea50d1cbac27 -> 
  custom:video-encoder-webm-vp8: eb34c28f22e8b96e1ab97ce403110664 -> 
  custom:video-decoder-webm-vp8: 9c59270c3fd7afecdb556c50c9e8de78 -> 
  custom:graphics/normal-map-encoding: 01000000000000000000000000000000 -> 02000000000000000000000000000000
  custom:audio-decoder-ogg-vorbis: bf7c407c2cedff20999df2af8eb42d56 -> 
  custom:audio-encoder-webm-vorbis: bf7c407c2cedff20999df2af8eb42d56 -> 
========================================================================
Received Prepare
Registering precompiled user dll's ...
Registered in 0.004037 seconds.
Begin MonoManager ReloadAssembly
Native extension for WindowsStandalone target not found
Refreshing native plugins compatible for Editor in 0.77 ms, found 3 plugins.
Preloading 0 native plugins for Editor in 0.00 ms.
Mono: successfully reloaded assembly
- Completed reload, in  1.113 seconds
Platform modules already initialized, skipping
Switching build target platform(19) subTarget(0) extendedPlatform(0) -> platform(13) subTarget(589824) extendedPlatform(0)
Refreshing native plugins compatible for Editor in 0.85 ms, found 3 plugins.
Preloading 0 native plugins for Editor in 0.00 ms.
Unloading 2284 Unused Serialized files (Serialized files now loaded: 0)
System memory in use before: 107.0 MB.
System memory in use after: 107.1 MB.

Unloading 24 unused Assets to reduce memory usage. Loaded Objects now: 2767.
Total: 2.180200 ms (FindLiveObjects: 0.191100 ms CreateObjectMapping: 0.079900 ms MarkObjects: 1.797100 ms  DeleteObjects: 0.111000 ms)

AssetImportParameters requested are different than current active one (requested -> active):
  custom:framework-win-MediaFoundation: 216162199b28c13a410421893ffa2e32 -> 
  custom:video-decoder-ogg-theora: a1e56fd34408186e4bbccfd4996cb3dc -> 
  custom:container-muxer-webm: aa71ff27fc2769a1b78a27578f13a17b -> 
  custom:container-demuxer-webm: 4f35f7cbe854078d1ac9338744f61a02 -> 
  custom:container-demuxer-ogg: 62fdf1f143b41e24485cea50d1cbac27 -> 
  custom:video-encoder-webm-vp8: eb34c28f22e8b96e1ab97ce403110664 -> 
  custom:video-decoder-webm-vp8: 9c59270c3fd7afecdb556c50c9e8de78 -> 
  custom:graphics/normal-map-encoding: 01000000000000000000000000000000 -> 02000000000000000000000000000000
  custom:audio-decoder-ogg-vorbis: bf7c407c2cedff20999df2af8eb42d56 -> 
  custom:audio-encoder-webm-vorbis: bf7c407c2cedff20999df2af8eb42d56 -> 
========================================================================
Received Import Request.
  Time since last request: 139.462311 seconds.
  path: Assets/Monters
  artifactKey: Guid(b215df5a062dcca4d99659a654775ba1) Importer(815301076,1909f56bfc062723c751e8b465ee728b)
Start importing Assets/Monters using Guid(b215df5a062dcca4d99659a654775ba1) Importer(815301076,1909f56bfc062723c751e8b465ee728b)  -> (artifact id: '15608de1889a3d8d7cf006786f8c90cf') in 0.008335 seconds 
  Import took 0.016416 seconds .

========================================================================
Received Import Request.
  Time since last request: 12.509038 seconds.
  path: Assets/Monsters
  artifactKey: Guid(b215df5a062dcca4d99659a654775ba1) Importer(815301076,1909f56bfc062723c751e8b465ee728b)
Start importing Assets/Monsters using Guid(b215df5a062dcca4d99659a654775ba1) Importer(815301076,1909f56bfc062723c751e8b465ee728b)  -> (artifact id: '5fb746dacc51d111e0065aaaf638c65b') in 0.004902 seconds 
  Import took 0.012353 seconds .

========================================================================
Received Import Request.
  Time since last request: 1.183513 seconds.
  path: Assets/Resources
  artifactKey: Guid(f9632263dcafd0149999d642cbd20683) Importer(815301076,1909f56bfc062723c751e8b465ee728b)
Start importing Assets/Resources using Guid(f9632263dcafd0149999d642cbd20683) Importer(815301076,1909f56bfc062723c751e8b465ee728b)  -> (artifact id: 'e182dcfe81cd00ad995325bbe7a4c1f0') in 0.004122 seconds 
  Import took 0.009409 seconds .

========================================================================
Received Import Request.
  Time since last request: 1.451990 seconds.
  path: Assets/Resources/Retro Pixel Monsters
  artifactKey: Guid(be98edc78b719f6418c9276897c3aaf3) Importer(815301076,1909f56bfc062723c751e8b465ee728b)
Start importing Assets/Resources/Retro Pixel Monsters using Guid(be98edc78b719f6418c9276897c3aaf3) Importer(815301076,1909f56bfc062723c751e8b465ee728b)  -> (artifact id: '1d8b91483385c6b42dabaceb4212f30f') in 0.003163 seconds 
  Import took 0.007707 seconds .

========================================================================
Received Prepare
Registering precompiled user dll's ...
Registered in 0.003988 seconds.
Begin MonoManager ReloadAssembly
Native extension for WindowsStandalone target not found
Refreshing native plugins compatible for Editor in 0.81 ms, found 3 plugins.
Preloading 0 native plugins for Editor in 0.00 ms.
Mono: successfully reloaded assembly
- Completed reload, in  1.001 seconds
Platform modules already initialized, skipping
Switching build target platform(19) subTarget(0) extendedPlatform(0) -> platform(13) subTarget(589824) extendedPlatform(0)
Refreshing native plugins compatible for Editor in 0.73 ms, found 3 plugins.
Preloading 0 native plugins for Editor in 0.00 ms.
Unloading 2284 Unused Serialized files (Serialized files now loaded: 0)
System memory in use before: 106.9 MB.
System memory in use after: 107.0 MB.

Unloading 24 unused Assets to reduce memory usage. Loaded Objects now: 2771.
Total: 2.475500 ms (FindLiveObjects: 0.180700 ms CreateObjectMapping: 0.072900 ms MarkObjects: 1.993100 ms  DeleteObjects: 0.227500 ms)

AssetImportParameters requested are different than current active one (requested -> active):
  custom:framework-win-MediaFoundation: 216162199b28c13a410421893ffa2e32 -> 
  custom:video-decoder-ogg-theora: a1e56fd34408186e4bbccfd4996cb3dc -> 
  custom:container-muxer-webm: aa71ff27fc2769a1b78a27578f13a17b -> 
  custom:container-demuxer-webm: 4f35f7cbe854078d1ac9338744f61a02 -> 
  custom:container-demuxer-ogg: 62fdf1f143b41e24485cea50d1cbac27 -> 
  custom:video-encoder-webm-vp8: eb34c28f22e8b96e1ab97ce403110664 -> 
  custom:video-decoder-webm-vp8: 9c59270c3fd7afecdb556c50c9e8de78 -> 
  custom:graphics/normal-map-encoding: 01000000000000000000000000000000 -> 02000000000000000000000000000000
  custom:audio-decoder-ogg-vorbis: bf7c407c2cedff20999df2af8eb42d56 -> 
  custom:audio-encoder-webm-vorbis: bf7c407c2cedff20999df2af8eb42d56 -> 
========================================================================
Received Import Request.
  Time since last request: 12.409558 seconds.
  path: Assets/Packages/Sci-Fi Battler Pack
  artifactKey: Guid(1514dd46a8bfd334199c04e4d3cfe404) Importer(815301076,1909f56bfc062723c751e8b465ee728b)
Start importing Assets/Packages/Sci-Fi Battler Pack using Guid(1514dd46a8bfd334199c04e4d3cfe404) Importer(815301076,1909f56bfc062723c751e8b465ee728b)  -> (artifact id: '24c4861350dd6e224f59f7760daa4d0f') in 0.009192 seconds 
  Import took 0.014365 seconds .

========================================================================
Received Import Request.
  Time since last request: 2.609114 seconds.
  path: Assets/Packages
  artifactKey: Guid(14efe88b1b8d3f84291c3dec5155fe40) Importer(815301076,1909f56bfc062723c751e8b465ee728b)
Start importing Assets/Packages using Guid(14efe88b1b8d3f84291c3dec5155fe40) Importer(815301076,1909f56bfc062723c751e8b465ee728b)  -> (artifact id: 'a19a0c8f085a54356f91723a022ba4cd') in 0.003695 seconds 
  Import took 0.008459 seconds .

========================================================================
Received Import Request.
  Time since last request: 7.991670 seconds.
  path: Assets/Monsters/Sci-Fi Battler Pack/scifibattlers_alien-hybrid.png
  artifactKey: Guid(4f250d41124389e4e87a73a527223ba7) Importer(815301076,1909f56bfc062723c751e8b465ee728b)
Start importing Assets/Monsters/Sci-Fi Battler Pack/scifibattlers_alien-hybrid.png using Guid(4f250d41124389e4e87a73a527223ba7) Importer(815301076,1909f56bfc062723c751e8b465ee728b)  -> (artifact id: '26ad5e8868406c53ea36ac2209d78fb2') in 0.081836 seconds 
  Import took 0.091268 seconds .

========================================================================
Received Import Request.
  Time since last request: 0.008828 seconds.
  path: Assets/Monsters/Sci-Fi Battler Pack/scifibattlers_alien-hybrid.png
  artifactKey: Guid(4f250d41124389e4e87a73a527223ba7) Importer(815301076,1909f56bfc062723c751e8b465ee728b)
Start importing Assets/Monsters/Sci-Fi Battler Pack/scifibattlers_alien-hybrid.png using Guid(4f250d41124389e4e87a73a527223ba7) Importer(815301076,1909f56bfc062723c751e8b465ee728b)  -> (artifact id: '26ad5e8868406c53ea36ac2209d78fb2') in 0.013072 seconds 
  Import took 0.022220 seconds .

========================================================================
Received Import Request.
  Time since last request: 0.483547 seconds.
  path: Assets/Monsters/Sci-Fi Battler Pack/scifibattlers_alien-flyer.png
  artifactKey: Guid(fe6e45f8eb1546042a30f51ddc100ffc) Importer(815301076,1909f56bfc062723c751e8b465ee728b)
Start importing Assets/Monsters/Sci-Fi Battler Pack/scifibattlers_alien-flyer.png using Guid(fe6e45f8eb1546042a30f51ddc100ffc) Importer(815301076,1909f56bfc062723c751e8b465ee728b)  -> (artifact id: 'e37c9b4dc5e51b367ddde10e2162d28e') in 0.018203 seconds 
  Import took 0.022965 seconds .

========================================================================
Received Import Request.
  Time since last request: 0.731066 seconds.
  path: Assets/Monsters/Sci-Fi Battler Pack/scifibattlers_corruptedalien.png
  artifactKey: Guid(ad746ad9e49061147bc17d686e158440) Importer(815301076,1909f56bfc062723c751e8b465ee728b)
Start importing Assets/Monsters/Sci-Fi Battler Pack/scifibattlers_corruptedalien.png using Guid(ad746ad9e49061147bc17d686e158440) Importer(815301076,1909f56bfc062723c751e8b465ee728b)  -> (artifact id: '8ecedbf316af28913fe9f7d8a3f50c8b') in 0.014173 seconds 
  Import took 0.019631 seconds .

========================================================================
Received Import Request.
  Time since last request: 0.372553 seconds.
  path: Assets/Monsters/Sci-Fi Battler Pack/scifibattlers_drone_laser.png
  artifactKey: Guid(749bda50cf9d56a478fed123fdb39bc3) Importer(815301076,1909f56bfc062723c751e8b465ee728b)
Start importing Assets/Monsters/Sci-Fi Battler Pack/scifibattlers_drone_laser.png using Guid(749bda50cf9d56a478fed123fdb39bc3) Importer(815301076,1909f56bfc062723c751e8b465ee728b)  -> (artifact id: '22f01cbf88c5ed5c4ce6246949f5b770') in 0.014570 seconds 
  Import took 0.019270 seconds .

========================================================================
Received Import Request.
  Time since last request: 0.569574 seconds.
  path: Assets/Monsters/Sci-Fi Battler Pack/scifibattlers_heavytrooper_nomohawk.png
  artifactKey: Guid(7fadc6a794664844eaaabac0d4f451e9) Importer(815301076,1909f56bfc062723c751e8b465ee728b)
Start importing Assets/Monsters/Sci-Fi Battler Pack/scifibattlers_heavytrooper_nomohawk.png using Guid(7fadc6a794664844eaaabac0d4f451e9) Importer(815301076,1909f56bfc062723c751e8b465ee728b)  -> (artifact id: 'cce071406e1369d47d925ec4073f4e5b') in 0.016049 seconds 
  Import took 0.022317 seconds .

========================================================================
Received Import Request.
  Time since last request: 0.485708 seconds.
  path: Assets/Monsters/Sci-Fi Battler Pack/scifibattlers_junkbots_3.png
  artifactKey: Guid(2115cb8f6a415f04786a9860153966ff) Importer(815301076,1909f56bfc062723c751e8b465ee728b)
Start importing Assets/Monsters/Sci-Fi Battler Pack/scifibattlers_junkbots_3.png using Guid(2115cb8f6a415f04786a9860153966ff) Importer(815301076,1909f56bfc062723c751e8b465ee728b)  -> (artifact id: '19eeb6a6ddf648008ddba15faebed8df') in 0.017976 seconds 
  Import took 0.023387 seconds .

========================================================================
Received Prepare
Registering precompiled user dll's ...
Registered in 0.005436 seconds.
Begin MonoManager ReloadAssembly
Native extension for WindowsStandalone target not found
Refreshing native plugins compatible for Editor in 0.83 ms, found 3 plugins.
Preloading 0 native plugins for Editor in 0.00 ms.
Mono: successfully reloaded assembly
- Completed reload, in  1.893 seconds
Platform modules already initialized, skipping
Switching build target platform(19) subTarget(0) extendedPlatform(0) -> platform(13) subTarget(589824) extendedPlatform(0)
Refreshing native plugins compatible for Editor in 1.64 ms, found 3 plugins.
Preloading 0 native plugins for Editor in 0.00 ms.
Unloading 2284 Unused Serialized files (Serialized files now loaded: 0)
System memory in use before: 107.0 MB.
System memory in use after: 107.1 MB.

Unloading 24 unused Assets to reduce memory usage. Loaded Objects now: 2788.
Total: 2.653400 ms (FindLiveObjects: 0.222100 ms CreateObjectMapping: 0.125700 ms MarkObjects: 1.989000 ms  DeleteObjects: 0.314600 ms)

AssetImportParameters requested are different than current active one (requested -> active):
  custom:framework-win-MediaFoundation: 216162199b28c13a410421893ffa2e32 -> 
  custom:video-decoder-ogg-theora: a1e56fd34408186e4bbccfd4996cb3dc -> 
  custom:container-muxer-webm: aa71ff27fc2769a1b78a27578f13a17b -> 
  custom:container-demuxer-webm: 4f35f7cbe854078d1ac9338744f61a02 -> 
  custom:container-demuxer-ogg: 62fdf1f143b41e24485cea50d1cbac27 -> 
  custom:video-encoder-webm-vp8: eb34c28f22e8b96e1ab97ce403110664 -> 
  custom:video-decoder-webm-vp8: 9c59270c3fd7afecdb556c50c9e8de78 -> 
  custom:graphics/normal-map-encoding: 01000000000000000000000000000000 -> 02000000000000000000000000000000
  custom:audio-decoder-ogg-vorbis: bf7c407c2cedff20999df2af8eb42d56 -> 
  custom:audio-encoder-webm-vorbis: bf7c407c2cedff20999df2af8eb42d56 -> 
========================================================================
Received Import Request.
  Time since last request: 236.794159 seconds.
  path: Assets/HeroEditor/Common/CharacterScripts/FirearmFire.cs
  artifactKey: Guid(6dbb11e656d848fa881a9e7cf8569a3b) Importer(815301076,1909f56bfc062723c751e8b465ee728b)
Start importing Assets/HeroEditor/Common/CharacterScripts/FirearmFire.cs using Guid(6dbb11e656d848fa881a9e7cf8569a3b) Importer(815301076,1909f56bfc062723c751e8b465ee728b)  -> (artifact id: '3e2c069f451e5d3a4cf96454e81fa912') in 0.011283 seconds 
  Import took 0.017173 seconds .

========================================================================
Received Import Request.
  Time since last request: 1.674685 seconds.
  path: Assets/HeroEditor/Common/CharacterScripts/FirearmReload.cs
  artifactKey: Guid(adc35d2c3f214deabf31612e6ba65333) Importer(815301076,1909f56bfc062723c751e8b465ee728b)
Start importing Assets/HeroEditor/Common/CharacterScripts/FirearmReload.cs using Guid(adc35d2c3f214deabf31612e6ba65333) Importer(815301076,1909f56bfc062723c751e8b465ee728b)  -> (artifact id: '24b64189043b1e6f16b6f257f4cd25b5') in 0.002582 seconds 
  Import took 0.008653 seconds .

========================================================================
Received Prepare
Registering precompiled user dll's ...
Registered in 0.006788 seconds.
Begin MonoManager ReloadAssembly
Native extension for WindowsStandalone target not found
Refreshing native plugins compatible for Editor in 0.82 ms, found 3 plugins.
Preloading 0 native plugins for Editor in 0.00 ms.
Mono: successfully reloaded assembly
- Completed reload, in  1.032 seconds
Platform modules already initialized, skipping
Switching build target platform(19) subTarget(0) extendedPlatform(0) -> platform(13) subTarget(589824) extendedPlatform(0)
Refreshing native plugins compatible for Editor in 0.84 ms, found 3 plugins.
Preloading 0 native plugins for Editor in 0.00 ms.
Unloading 2284 Unused Serialized files (Serialized files now loaded: 0)
System memory in use before: 107.1 MB.
System memory in use after: 107.1 MB.

Unloading 24 unused Assets to reduce memory usage. Loaded Objects now: 2792.
Total: 2.413100 ms (FindLiveObjects: 0.268600 ms CreateObjectMapping: 0.085200 ms MarkObjects: 1.855400 ms  DeleteObjects: 0.203100 ms)

AssetImportParameters requested are different than current active one (requested -> active):
  custom:framework-win-MediaFoundation: 216162199b28c13a410421893ffa2e32 -> 
  custom:video-decoder-ogg-theora: a1e56fd34408186e4bbccfd4996cb3dc -> 
  custom:container-muxer-webm: aa71ff27fc2769a1b78a27578f13a17b -> 
  custom:container-demuxer-webm: 4f35f7cbe854078d1ac9338744f61a02 -> 
  custom:container-demuxer-ogg: 62fdf1f143b41e24485cea50d1cbac27 -> 
  custom:video-encoder-webm-vp8: eb34c28f22e8b96e1ab97ce403110664 -> 
  custom:video-decoder-webm-vp8: 9c59270c3fd7afecdb556c50c9e8de78 -> 
  custom:graphics/normal-map-encoding: 01000000000000000000000000000000 -> 02000000000000000000000000000000
  custom:audio-decoder-ogg-vorbis: bf7c407c2cedff20999df2af8eb42d56 -> 
  custom:audio-encoder-webm-vorbis: bf7c407c2cedff20999df2af8eb42d56 -> 
========================================================================
Received Prepare
Registering precompiled user dll's ...
Registered in 0.015717 seconds.
Begin MonoManager ReloadAssembly
Native extension for WindowsStandalone target not found
Refreshing native plugins compatible for Editor in 3.56 ms, found 3 plugins.
Preloading 0 native plugins for Editor in 0.00 ms.
Mono: successfully reloaded assembly
- Completed reload, in  3.478 seconds
Platform modules already initialized, skipping
Switching build target platform(19) subTarget(0) extendedPlatform(0) -> platform(13) subTarget(589824) extendedPlatform(0)
Refreshing native plugins compatible for Editor in 3.61 ms, found 3 plugins.
Preloading 0 native plugins for Editor in 0.00 ms.
Unloading 2284 Unused Serialized files (Serialized files now loaded: 0)
System memory in use before: 107.1 MB.
System memory in use after: 107.1 MB.

Unloading 24 unused Assets to reduce memory usage. Loaded Objects now: 2796.
Total: 7.916200 ms (FindLiveObjects: 0.253800 ms CreateObjectMapping: 0.115100 ms MarkObjects: 7.397600 ms  DeleteObjects: 0.147100 ms)

AssetImportParameters requested are different than current active one (requested -> active):
  custom:framework-win-MediaFoundation: 216162199b28c13a410421893ffa2e32 -> 
  custom:video-decoder-ogg-theora: a1e56fd34408186e4bbccfd4996cb3dc -> 
  custom:container-muxer-webm: aa71ff27fc2769a1b78a27578f13a17b -> 
  custom:container-demuxer-webm: 4f35f7cbe854078d1ac9338744f61a02 -> 
  custom:container-demuxer-ogg: 62fdf1f143b41e24485cea50d1cbac27 -> 
  custom:video-encoder-webm-vp8: eb34c28f22e8b96e1ab97ce403110664 -> 
  custom:video-decoder-webm-vp8: 9c59270c3fd7afecdb556c50c9e8de78 -> 
  custom:graphics/normal-map-encoding: 01000000000000000000000000000000 -> 02000000000000000000000000000000
  custom:audio-decoder-ogg-vorbis: bf7c407c2cedff20999df2af8eb42d56 -> 
  custom:audio-encoder-webm-vorbis: bf7c407c2cedff20999df2af8eb42d56 -> 
========================================================================
Received Prepare
Registering precompiled user dll's ...
Registered in 0.003940 seconds.
Begin MonoManager ReloadAssembly
Native extension for WindowsStandalone target not found
Refreshing native plugins compatible for Editor in 0.80 ms, found 3 plugins.
Preloading 0 native plugins for Editor in 0.00 ms.
Mono: successfully reloaded assembly
- Completed reload, in  1.025 seconds
Platform modules already initialized, skipping
Switching build target platform(19) subTarget(0) extendedPlatform(0) -> platform(13) subTarget(589824) extendedPlatform(0)
Refreshing native plugins compatible for Editor in 0.90 ms, found 3 plugins.
Preloading 0 native plugins for Editor in 0.00 ms.
Unloading 2284 Unused Serialized files (Serialized files now loaded: 0)
System memory in use before: 105.8 MB.
System memory in use after: 105.8 MB.

Unloading 24 unused Assets to reduce memory usage. Loaded Objects now: 2800.
Total: 2.324700 ms (FindLiveObjects: 0.209200 ms CreateObjectMapping: 0.087000 ms MarkObjects: 1.908800 ms  DeleteObjects: 0.117800 ms)

AssetImportParameters requested are different than current active one (requested -> active):
  custom:framework-win-MediaFoundation: 216162199b28c13a410421893ffa2e32 -> 
  custom:video-decoder-ogg-theora: a1e56fd34408186e4bbccfd4996cb3dc -> 
  custom:container-muxer-webm: aa71ff27fc2769a1b78a27578f13a17b -> 
  custom:container-demuxer-webm: 4f35f7cbe854078d1ac9338744f61a02 -> 
  custom:container-demuxer-ogg: 62fdf1f143b41e24485cea50d1cbac27 -> 
  custom:video-encoder-webm-vp8: eb34c28f22e8b96e1ab97ce403110664 -> 
  custom:video-decoder-webm-vp8: 9c59270c3fd7afecdb556c50c9e8de78 -> 
  custom:graphics/normal-map-encoding: 01000000000000000000000000000000 -> 02000000000000000000000000000000
  custom:audio-decoder-ogg-vorbis: bf7c407c2cedff20999df2af8eb42d56 -> 
  custom:audio-encoder-webm-vorbis: bf7c407c2cedff20999df2af8eb42d56 -> 
========================================================================
Received Import Request.
  Time since last request: 1203.463175 seconds.
  path: Assets/Scenes/GameScene.unity
  artifactKey: Guid(7d399e8ced1763f469b41da1f3d81002) Importer(815301076,1909f56bfc062723c751e8b465ee728b)
Start importing Assets/Scenes/GameScene.unity using Guid(7d399e8ced1763f469b41da1f3d81002) Importer(815301076,1909f56bfc062723c751e8b465ee728b)  -> (artifact id: 'a2d195ecb550433ae951d3ab1ac052f3') in 0.019069 seconds 
  Import took 0.026173 seconds .

========================================================================
Received Prepare
Registering precompiled user dll's ...
Registered in 0.005433 seconds.
Begin MonoManager ReloadAssembly
Native extension for WindowsStandalone target not found
Refreshing native plugins compatible for Editor in 0.85 ms, found 3 plugins.
Preloading 0 native plugins for Editor in 0.00 ms.
Mono: successfully reloaded assembly
- Completed reload, in  1.136 seconds
Platform modules already initialized, skipping
Switching build target platform(19) subTarget(0) extendedPlatform(0) -> platform(13) subTarget(589824) extendedPlatform(0)
Refreshing native plugins compatible for Editor in 0.82 ms, found 3 plugins.
Preloading 0 native plugins for Editor in 0.00 ms.
Unloading 2284 Unused Serialized files (Serialized files now loaded: 0)
System memory in use before: 107.0 MB.
System memory in use after: 107.1 MB.

Unloading 24 unused Assets to reduce memory usage. Loaded Objects now: 2804.
Total: 2.339300 ms (FindLiveObjects: 0.197700 ms CreateObjectMapping: 0.078700 ms MarkObjects: 1.943800 ms  DeleteObjects: 0.117800 ms)

AssetImportParameters requested are different than current active one (requested -> active):
  custom:framework-win-MediaFoundation: 216162199b28c13a410421893ffa2e32 -> 
  custom:video-decoder-ogg-theora: a1e56fd34408186e4bbccfd4996cb3dc -> 
  custom:container-muxer-webm: aa71ff27fc2769a1b78a27578f13a17b -> 
  custom:container-demuxer-webm: 4f35f7cbe854078d1ac9338744f61a02 -> 
  custom:container-demuxer-ogg: 62fdf1f143b41e24485cea50d1cbac27 -> 
  custom:video-encoder-webm-vp8: eb34c28f22e8b96e1ab97ce403110664 -> 
  custom:video-decoder-webm-vp8: 9c59270c3fd7afecdb556c50c9e8de78 -> 
  custom:graphics/normal-map-encoding: 01000000000000000000000000000000 -> 02000000000000000000000000000000
  custom:audio-decoder-ogg-vorbis: bf7c407c2cedff20999df2af8eb42d56 -> 
  custom:audio-encoder-webm-vorbis: bf7c407c2cedff20999df2af8eb42d56 -> 
========================================================================
Received Import Request.
  Time since last request: 73.291891 seconds.
  path: Assets/Prefab/PlayerCus.prefab
  artifactKey: Guid(97d2a3b6741eef8488b75df4bc753f6e) Importer(815301076,1909f56bfc062723c751e8b465ee728b)
Start importing Assets/Prefab/PlayerCus.prefab using Guid(97d2a3b6741eef8488b75df4bc753f6e) Importer(815301076,1909f56bfc062723c751e8b465ee728b)  -> (artifact id: 'f0eca2f0b83bb7e6b8103a7c829970cd') in 0.250511 seconds 
  Import took 0.269275 seconds .

========================================================================
Received Prepare
Registering precompiled user dll's ...
Registered in 0.004145 seconds.
Begin MonoManager ReloadAssembly
Native extension for WindowsStandalone target not found
Refreshing native plugins compatible for Editor in 1.12 ms, found 3 plugins.
Preloading 0 native plugins for Editor in 0.00 ms.
Mono: successfully reloaded assembly
- Completed reload, in  1.275 seconds
Platform modules already initialized, skipping
Switching build target platform(19) subTarget(0) extendedPlatform(0) -> platform(13) subTarget(589824) extendedPlatform(0)
Refreshing native plugins compatible for Editor in 0.90 ms, found 3 plugins.
Preloading 0 native plugins for Editor in 0.00 ms.
Unloading 2284 Unused Serialized files (Serialized files now loaded: 0)
System memory in use before: 111.0 MB.
System memory in use after: 111.1 MB.

Unloading 25 unused Assets to reduce memory usage. Loaded Objects now: 2823.
Total: 3.195900 ms (FindLiveObjects: 0.258500 ms CreateObjectMapping: 0.100300 ms MarkObjects: 2.711900 ms  DeleteObjects: 0.123200 ms)

AssetImportParameters requested are different than current active one (requested -> active):
  custom:framework-win-MediaFoundation: 216162199b28c13a410421893ffa2e32 -> 
  custom:video-decoder-ogg-theora: a1e56fd34408186e4bbccfd4996cb3dc -> 
  custom:container-muxer-webm: aa71ff27fc2769a1b78a27578f13a17b -> 
  custom:container-demuxer-webm: 4f35f7cbe854078d1ac9338744f61a02 -> 
  custom:container-demuxer-ogg: 62fdf1f143b41e24485cea50d1cbac27 -> 
  custom:video-encoder-webm-vp8: eb34c28f22e8b96e1ab97ce403110664 -> 
  custom:video-decoder-webm-vp8: 9c59270c3fd7afecdb556c50c9e8de78 -> 
  custom:graphics/normal-map-encoding: 01000000000000000000000000000000 -> 02000000000000000000000000000000
  custom:audio-decoder-ogg-vorbis: bf7c407c2cedff20999df2af8eb42d56 -> 
  custom:audio-encoder-webm-vorbis: bf7c407c2cedff20999df2af8eb42d56 -> 
AssetImportWorkerClient::OnTransportError - code=2 error=End of file
