Using pre-set license
Built from '2020.3/release' branch; Version is '2020.3.12f1 (b3b2c6512326) revision 11776710'; Using compiler version '192528614'; Build Type 'Release'
OS: 'Windows 10 Enterprise; OS build 19043.1237; Version 2009; 64bit' Language: 'en' Physical Memory: 7959 MB
BatchMode: 1, IsHumanControllingUs: 0, StartBugReporterOnCrash: 0, Is64bit: 1, IsPro: 0

 COMMAND LINE ARGUMENTS:
C:\Program Files\2020.3.12f1\Editor\Unity.exe
-adb2
-batchMode
-noUpm
-name
AssetImportWorker0
-projectPath
C:/Users/Dell/Desktop/Unity/Diz_gun_2D/Diz
-logFile
Logs/AssetImportWorker0.log
-srvPort
64444
Successfully changed project path to: C:/Users/Dell/Desktop/Unity/Diz_gun_2D/Diz
C:/Users/Dell/Desktop/Unity/Diz_gun_2D/Diz
Using Asset Import Pipeline V2.
Refreshing native plugins compatible for Editor in 153.93 ms, found 3 plugins.
Preloading 0 native plugins for Editor in 0.00 ms.
Initialize engine version: 2020.3.12f1 (b3b2c6512326)
[Subsystems] Discovering subsystems at path C:/Program Files/2020.3.12f1/Editor/Data/Resources/UnitySubsystems
[Subsystems] Discovering subsystems at path C:/Users/Dell/Desktop/Unity/Diz_gun_2D/Diz/Assets
GfxDevice: creating device client; threaded=0
Direct3D:
    Version:  Direct3D 11.0 [level 11.1]
    Renderer: Intel(R) UHD Graphics (ID=0x8a56)
    Vendor:   
    VRAM:     3979 MB
    Driver:   27.20.100.9365
Initialize mono
Mono path[0] = 'C:/Program Files/2020.3.12f1/Editor/Data/Managed'
Mono path[1] = 'C:/Program Files/2020.3.12f1/Editor/Data/MonoBleedingEdge/lib/mono/unityjit'
Mono config path = 'C:/Program Files/2020.3.12f1/Editor/Data/MonoBleedingEdge/etc'
Using monoOptions --debugger-agent=transport=dt_socket,embedding=1,server=y,suspend=n,address=127.0.0.1:56212
Begin MonoManager ReloadAssembly
Registering precompiled unity dll's ...
Register platform support module: C:/Program Files/2020.3.12f1/Editor/Data/PlaybackEngines/WindowsStandaloneSupport/UnityEditor.WindowsStandalone.Extensions.dll
Registered in 0.001494 seconds.
Native extension for WindowsStandalone target not found
Refreshing native plugins compatible for Editor in 91.39 ms, found 3 plugins.
Preloading 0 native plugins for Editor in 0.00 ms.
Mono: successfully reloaded assembly
- Completed reload, in  3.176 seconds
Platform modules already initialized, skipping
Registering precompiled user dll's ...
Registered in 0.007988 seconds.
Begin MonoManager ReloadAssembly
Native extension for WindowsStandalone target not found
Refreshing native plugins compatible for Editor in 92.51 ms, found 3 plugins.
Preloading 0 native plugins for Editor in 0.00 ms.
Mono: successfully reloaded assembly
- Completed reload, in  1.151 seconds
Platform modules already initialized, skipping
========================================================================
Worker process is ready to serve import requests
Launched and connected shader compiler UnityShaderCompiler.exe after 0.05 seconds
Refreshing native plugins compatible for Editor in 0.75 ms, found 3 plugins.
Preloading 0 native plugins for Editor in 0.00 ms.
Unloading 2289 Unused Serialized files (Serialized files now loaded: 0)
System memory in use before: 104.0 MB.
System memory in use after: 104.1 MB.

Unloading 35 unused Assets to reduce memory usage. Loaded Objects now: 2738.
Total: 2.188000 ms (FindLiveObjects: 0.191400 ms CreateObjectMapping: 0.078200 ms MarkObjects: 1.800300 ms  DeleteObjects: 0.116900 ms)

AssetImportParameters requested are different than current active one (requested -> active):
  custom:framework-win-MediaFoundation: 216162199b28c13a410421893ffa2e32 -> 
  custom:video-decoder-ogg-theora: a1e56fd34408186e4bbccfd4996cb3dc -> 
  custom:container-muxer-webm: aa71ff27fc2769a1b78a27578f13a17b -> 
  custom:container-demuxer-webm: 4f35f7cbe854078d1ac9338744f61a02 -> 
  custom:container-demuxer-ogg: 62fdf1f143b41e24485cea50d1cbac27 -> 
  custom:video-encoder-webm-vp8: eb34c28f22e8b96e1ab97ce403110664 -> 
  custom:video-decoder-webm-vp8: 9c59270c3fd7afecdb556c50c9e8de78 -> 
  custom:audio-decoder-ogg-vorbis: bf7c407c2cedff20999df2af8eb42d56 -> 
  custom:audio-encoder-webm-vorbis: bf7c407c2cedff20999df2af8eb42d56 -> 
========================================================================
Received Import Request.
  path: Assets/Tilemaps/Palettes/Ground1.prefab
  artifactKey: Guid(f4b1e90b73f88da4e9f23209692297cd) Importer(815301076,1909f56bfc062723c751e8b465ee728b)
Start importing Assets/Tilemaps/Palettes/Ground1.prefab using Guid(f4b1e90b73f88da4e9f23209692297cd) Importer(815301076,1909f56bfc062723c751e8b465ee728b)  -> (artifact id: '83f809f7379b7a149dc94b852aa95db9') in 0.041845 seconds 
  Import took 0.046931 seconds .

========================================================================
Received Import Request.
  Time since last request: 0.000411 seconds.
  path: Assets/Tilemaps/Palettes/GroundTiles.prefab
  artifactKey: Guid(b2192401c2d0b174cb38d5796ff56cf1) Importer(815301076,1909f56bfc062723c751e8b465ee728b)
Start importing Assets/Tilemaps/Palettes/GroundTiles.prefab using Guid(b2192401c2d0b174cb38d5796ff56cf1) Importer(815301076,1909f56bfc062723c751e8b465ee728b)  -> (artifact id: 'aa9be0b18c871cc2e4e84ff862f73e6c') in 0.003644 seconds 
  Import took 0.008244 seconds .

========================================================================
Received Import Request.
  Time since last request: 1.142587 seconds.
  path: Assets/Sprites/Tileset1/png/Object/Bush (1).png
  artifactKey: Guid(9c93e5803243d4040af53d73524a5a86) Importer(815301076,1909f56bfc062723c751e8b465ee728b)
Start importing Assets/Sprites/Tileset1/png/Object/Bush (1).png using Guid(9c93e5803243d4040af53d73524a5a86) Importer(815301076,1909f56bfc062723c751e8b465ee728b)  -> (artifact id: '9ef1f6614e033a40b89f1e8b6c98477d') in 0.068210 seconds 
  Import took 0.081341 seconds .

========================================================================
Received Import Request.
  Time since last request: 0.293163 seconds.
  path: Assets/Sprites/Tileset1/png/Object/Bush (2).png
  artifactKey: Guid(e166bb0ade8eb2f44a4a4af1eb9f7853) Importer(815301076,1909f56bfc062723c751e8b465ee728b)
Start importing Assets/Sprites/Tileset1/png/Object/Bush (2).png using Guid(e166bb0ade8eb2f44a4a4af1eb9f7853) Importer(815301076,1909f56bfc062723c751e8b465ee728b)  -> (artifact id: '898a25183a5da74a6c1ef24bcdcfc743') in 0.014734 seconds 
  Import took 0.019317 seconds .

========================================================================
Received Import Request.
  Time since last request: 0.375187 seconds.
  path: Assets/Sprites/Tileset1/png/Object/Bush (3).png
  artifactKey: Guid(83c50f87584232140b7163eea253287d) Importer(815301076,1909f56bfc062723c751e8b465ee728b)
Start importing Assets/Sprites/Tileset1/png/Object/Bush (3).png using Guid(83c50f87584232140b7163eea253287d) Importer(815301076,1909f56bfc062723c751e8b465ee728b)  -> (artifact id: '1a54201017f6ccc59aa9e0b6dc79b376') in 0.012103 seconds 
  Import took 0.018679 seconds .

========================================================================
Received Import Request.
  Time since last request: 0.002301 seconds.
  path: Assets/Sprites/Tileset1/png/Object/Bush (3).png
  artifactKey: Guid(83c50f87584232140b7163eea253287d) Importer(815301076,1909f56bfc062723c751e8b465ee728b)
Start importing Assets/Sprites/Tileset1/png/Object/Bush (3).png using Guid(83c50f87584232140b7163eea253287d) Importer(815301076,1909f56bfc062723c751e8b465ee728b)  -> (artifact id: '1a54201017f6ccc59aa9e0b6dc79b376') in 0.013240 seconds 
  Import took 0.019127 seconds .

========================================================================
Received Import Request.
  Time since last request: 0.373131 seconds.
  path: Assets/Sprites/Tileset1/png/Object/Mushroom_1.png
  artifactKey: Guid(b5c2035d1bbb73448bf7ef78afb5b3d3) Importer(815301076,1909f56bfc062723c751e8b465ee728b)
Start importing Assets/Sprites/Tileset1/png/Object/Mushroom_1.png using Guid(b5c2035d1bbb73448bf7ef78afb5b3d3) Importer(815301076,1909f56bfc062723c751e8b465ee728b)  -> (artifact id: '264f749ccd9d5f4bf7d2e5dcf1df1af7') in 0.011890 seconds 
  Import took 0.018014 seconds .

========================================================================
Received Import Request.
  Time since last request: 1.669497 seconds.
  path: Assets/Sprites/Tileset1/png/Object/Crate.png
  artifactKey: Guid(dd5ad7ec6db2a824281d5b871f83ace9) Importer(815301076,1909f56bfc062723c751e8b465ee728b)
Start importing Assets/Sprites/Tileset1/png/Object/Crate.png using Guid(dd5ad7ec6db2a824281d5b871f83ace9) Importer(815301076,1909f56bfc062723c751e8b465ee728b)  -> (artifact id: '2ce9a094816861e23710f45c9dacf5fa') in 0.016581 seconds 
  Import took 0.022229 seconds .

========================================================================
Received Import Request.
  Time since last request: 0.000638 seconds.
  path: Assets/Sprites/Tileset1/png/Object/Crate.png
  artifactKey: Guid(dd5ad7ec6db2a824281d5b871f83ace9) Importer(815301076,1909f56bfc062723c751e8b465ee728b)
Start importing Assets/Sprites/Tileset1/png/Object/Crate.png using Guid(dd5ad7ec6db2a824281d5b871f83ace9) Importer(815301076,1909f56bfc062723c751e8b465ee728b)  -> (artifact id: '2ce9a094816861e23710f45c9dacf5fa') in 0.014440 seconds 
  Import took 0.022391 seconds .

========================================================================
Received Import Request.
  Time since last request: 0.800682 seconds.
  path: Assets/Sprites/Tileset1/png/Object/Sign_2.png
  artifactKey: Guid(43d1c7e6c12b29346b47191a7e3913d3) Importer(815301076,1909f56bfc062723c751e8b465ee728b)
Start importing Assets/Sprites/Tileset1/png/Object/Sign_2.png using Guid(43d1c7e6c12b29346b47191a7e3913d3) Importer(815301076,1909f56bfc062723c751e8b465ee728b)  -> (artifact id: '49d625a21485d99dd87139fd9ef9727a') in 0.012409 seconds 
  Import took 0.020642 seconds .

========================================================================
Received Import Request.
  Time since last request: 0.502324 seconds.
  path: Assets/Sprites/Tileset1/png/Object/Mushroom_2.png
  artifactKey: Guid(d250b6743598f354abdc11e8c89cd986) Importer(815301076,1909f56bfc062723c751e8b465ee728b)
Start importing Assets/Sprites/Tileset1/png/Object/Mushroom_2.png using Guid(d250b6743598f354abdc11e8c89cd986) Importer(815301076,1909f56bfc062723c751e8b465ee728b)  -> (artifact id: 'f7cee57b104c08aaf46b894980c323e7') in 0.013756 seconds 
  Import took 0.019312 seconds .

========================================================================
Received Import Request.
  Time since last request: 10.226576 seconds.
  path: Assets/Sprites/Tileset1/png/Tiles/1.png
  artifactKey: Guid(31adb4dbeb8ff0b4c91d5f9f32245a3e) Importer(815301076,1909f56bfc062723c751e8b465ee728b)
Start importing Assets/Sprites/Tileset1/png/Tiles/1.png using Guid(31adb4dbeb8ff0b4c91d5f9f32245a3e) Importer(815301076,1909f56bfc062723c751e8b465ee728b)  -> (artifact id: 'e3af0a7f981081dee9a8424f56871e7a') in 0.015162 seconds 
  Import took 0.020632 seconds .

========================================================================
Received Import Request.
  Time since last request: 0.006075 seconds.
  path: Assets/Sprites/Tileset1/png/Tiles/1.png
  artifactKey: Guid(31adb4dbeb8ff0b4c91d5f9f32245a3e) Importer(815301076,1909f56bfc062723c751e8b465ee728b)
Start importing Assets/Sprites/Tileset1/png/Tiles/1.png using Guid(31adb4dbeb8ff0b4c91d5f9f32245a3e) Importer(815301076,1909f56bfc062723c751e8b465ee728b)  -> (artifact id: 'e3af0a7f981081dee9a8424f56871e7a') in 0.013270 seconds 
  Import took 0.017604 seconds .

========================================================================
Received Import Request.
  Time since last request: 4.032183 seconds.
  path: Assets/Sprites/Tileset1/png/Object/Bush (4).png
  artifactKey: Guid(83b5f166a4ad19841890452e7f3d1cd3) Importer(815301076,1909f56bfc062723c751e8b465ee728b)
Start importing Assets/Sprites/Tileset1/png/Object/Bush (4).png using Guid(83b5f166a4ad19841890452e7f3d1cd3) Importer(815301076,1909f56bfc062723c751e8b465ee728b)  -> (artifact id: '6af0c6c60f088592adf827f3628f6e59') in 0.014060 seconds 
  Import took 0.019479 seconds .

========================================================================
Received Import Request.
  Time since last request: 0.001075 seconds.
  path: Assets/Sprites/Tileset1/png/Object/Bush (4).png
  artifactKey: Guid(83b5f166a4ad19841890452e7f3d1cd3) Importer(815301076,1909f56bfc062723c751e8b465ee728b)
Start importing Assets/Sprites/Tileset1/png/Object/Bush (4).png using Guid(83b5f166a4ad19841890452e7f3d1cd3) Importer(815301076,1909f56bfc062723c751e8b465ee728b)  -> (artifact id: '6af0c6c60f088592adf827f3628f6e59') in 0.011208 seconds 
  Import took 0.016571 seconds .

========================================================================
Received Import Request.
  Time since last request: 0.764400 seconds.
  path: Assets/Sprites/Tileset1/png/Object/Stone.png
  artifactKey: Guid(e3683d21469dc164d85f8c6129ea90d5) Importer(815301076,1909f56bfc062723c751e8b465ee728b)
Start importing Assets/Sprites/Tileset1/png/Object/Stone.png using Guid(e3683d21469dc164d85f8c6129ea90d5) Importer(815301076,1909f56bfc062723c751e8b465ee728b)  -> (artifact id: '356f7722e78ead1da1cd4c81144c2d5a') in 0.012291 seconds 
  Import took 0.017225 seconds .

========================================================================
Received Import Request.
  Time since last request: 0.482748 seconds.
  path: Assets/Sprites/Tileset1/png/Object/Tree_2.png
  artifactKey: Guid(9c707eed399c3b14b92ad816bb450601) Importer(815301076,1909f56bfc062723c751e8b465ee728b)
Start importing Assets/Sprites/Tileset1/png/Object/Tree_2.png using Guid(9c707eed399c3b14b92ad816bb450601) Importer(815301076,1909f56bfc062723c751e8b465ee728b)  -> (artifact id: '709ea0d01f5536f49827c1a421faddc9') in 0.016688 seconds 
  Import took 0.023123 seconds .

========================================================================
Received Import Request.
  Time since last request: 0.003072 seconds.
  path: Assets/Sprites/Tileset1/png/Object/Tree_2.png
  artifactKey: Guid(9c707eed399c3b14b92ad816bb450601) Importer(815301076,1909f56bfc062723c751e8b465ee728b)
Start importing Assets/Sprites/Tileset1/png/Object/Tree_2.png using Guid(9c707eed399c3b14b92ad816bb450601) Importer(815301076,1909f56bfc062723c751e8b465ee728b)  -> (artifact id: '709ea0d01f5536f49827c1a421faddc9') in 0.016607 seconds 
  Import took 0.024167 seconds .

========================================================================
Received Import Request.
  Time since last request: 223.078845 seconds.
  path: Assets/Scenes/GameScene.unity
  artifactKey: Guid(7d399e8ced1763f469b41da1f3d81002) Importer(815301076,1909f56bfc062723c751e8b465ee728b)
Start importing Assets/Scenes/GameScene.unity using Guid(7d399e8ced1763f469b41da1f3d81002) Importer(815301076,1909f56bfc062723c751e8b465ee728b)  -> (artifact id: '25a88376fd0b39a1988b61498cf3bb85') in 0.003997 seconds 
  Import took 0.012258 seconds .

AssetImportWorkerClient::OnTransportError - code=2 error=End of file
